<?xml version="1.0" encoding="UTF-8"?>
<!-- Generated by org.testng.reporters.JUnitReportReporter -->
<testsuite hostname="DESKTOP-8A2OKMA" failures="0" tests="1" name="executionScript.TC_1" time="7.447" errors="0" timestamp="2024-02-05T10:09:06 IST" skipped="0">
  <testcase classname="executionScript.TC_1" name="LaunchWebConfig" time="7.447"/>
  <system-out/>
</testsuite> <!-- executionScript.TC_1 -->
